app/build/outputs/logs/manifest-merger-debug-report.txt
-- Merging decision tree log ---
manifest
ADDED from src/main/AndroidManifest.xml:2:1-30:12
	package
		ADDED from src/main/AndroidManifest.xml:3:2-42
		INJECTED from src/main/AndroidManifest.xml
		INJECTED from src/main/AndroidManifest.xml
	android:versionName
		ADDED from src/main/AndroidManifest.xml:3:67-94
		INJECTED from src/main/AndroidManifest.xml
		INJECTED from src/main/AndroidManifest.xml
	android:versionCode
		ADDED from src/main/AndroidManifest.xml:3:43-66
		INJECTED from src/main/AndroidManifest.xml
		INJECTED from src/main/AndroidManifest.xml
	xmlns:android
		ADDED from src/main/AndroidManifest.xml:2:11-69
uses-sdk
ADDED from src/main/AndroidManifest.xml:4:2-41
	android:targetSdkVersion
		INJECTED from src/main/AndroidManifest.xml
		INJECTED from src/main/AndroidManifest.xml
	android:minSdkVersion
		ADDED from src/main/AndroidManifest.xml:4:12-38
		INJECTED from src/main/AndroidManifest.xml
		INJECTED from src/main/AndroidManifest.xml
application
ADDED from src/main/AndroidManifest.xml:6:2-26:16
	android:label
		ADDED from src/main/AndroidManifest.xml:6:52-84
	android:icon
		ADDED from src/main/AndroidManifest.xml:6:15-51
activity#com.example.android.cardreader.NFCard
ADDED from src/main/AndroidManifest.xml:7:3-25:14
	android:screenOrientation
		ADDED from src/main/AndroidManifest.xml:9:4-40
	android:label
		ADDED from src/main/AndroidManifest.xml:7:35-67
	android:windowBackground
		ADDED from src/main/AndroidManifest.xml:11:4-36
	android:launchMode
		ADDED from src/main/AndroidManifest.xml:9:41-72
	android:windowSoftInputMode
		ADDED from src/main/AndroidManifest.xml:10:4-69
	android:configChanges
		ADDED from src/main/AndroidManifest.xml:8:4-54
	android:name
		ADDED from src/main/AndroidManifest.xml:7:13-34
intent-filter#android.intent.action.MAIN+android.intent.category.LAUNCHER
ADDED from src/main/AndroidManifest.xml:12:4-15:20
action#android.intent.action.MAIN
ADDED from src/main/AndroidManifest.xml:13:5-57
	android:name
		ADDED from src/main/AndroidManifest.xml:13:13-54
category#android.intent.category.LAUNCHER
ADDED from src/main/AndroidManifest.xml:14:5-65
	android:name
		ADDED from src/main/AndroidManifest.xml:14:15-62
intent-filter#android.nfc.action.TECH_DISCOVERED
ADDED from src/main/AndroidManifest.xml:16:4-18:20
action#android.nfc.action.TECH_DISCOVERED
ADDED from src/main/AndroidManifest.xml:17:5-65
	android:name
		ADDED from src/main/AndroidManifest.xml:17:13-62
meta-data#android.nfc.action.TECH_DISCOVERED
ADDED from src/main/AndroidManifest.xml:19:4-20:47
	android:resource
		ADDED from src/main/AndroidManifest.xml:20:5-44
	android:name
		ADDED from src/main/AndroidManifest.xml:19:15-64
intent-filter#android.intent.category.DEFAULT+android.nfc.action.TAG_DISCOVERED
ADDED from src/main/AndroidManifest.xml:21:4-24:20
action#android.nfc.action.TAG_DISCOVERED
ADDED from src/main/AndroidManifest.xml:22:5-64
	android:name
		ADDED from src/main/AndroidManifest.xml:22:13-61
category#android.intent.category.DEFAULT
ADDED from src/main/AndroidManifest.xml:23:5-64
	android:name
		ADDED from src/main/AndroidManifest.xml:23:15-61
uses-permission#android.permission.NFC
ADDED from src/main/AndroidManifest.xml:27:2-59
	android:name
		ADDED from src/main/AndroidManifest.xml:27:19-56
uses-feature#android.hardware.nfc
ADDED from src/main/AndroidManifest.xml:28:2-29:29
	android:required
		ADDED from src/main/AndroidManifest.xml:29:3-26
	android:name
		ADDED from src/main/AndroidManifest.xml:28:16-51